{"/home/sumitprasad/Programming/QuestionPro/react-assignment/src/components/CouponUploader.tsx": {"path":"/home/sumitprasad/Programming/QuestionPro/react-assignment/src/components/CouponUploader.tsx","statementMap":{"0":{"start":{"line":12,"column":23},"end":{"line":137,"column":1}},"1":{"start":{"line":13,"column":32},"end":{"line":13,"column":54}},"2":{"start":{"line":14,"column":34},"end":{"line":14,"column":58}},"3":{"start":{"line":16,"column":2},"end":{"line":20,"column":16}},"4":{"start":{"line":17,"column":4},"end":{"line":19,"column":5}},"5":{"start":{"line":18,"column":6},"end":{"line":18,"column":48}},"6":{"start":{"line":22,"column":26},"end":{"line":32,"column":3}},"7":{"start":{"line":23,"column":25},"end":{"line":29,"column":6}},"8":{"start":{"line":24,"column":6},"end":{"line":28,"column":8}},"9":{"start":{"line":31,"column":4},"end":{"line":31,"column":24}},"10":{"start":{"line":34,"column":25},"end":{"line":54,"column":3}},"11":{"start":{"line":35,"column":4},"end":{"line":38,"column":5}},"12":{"start":{"line":36,"column":6},"end":{"line":36,"column":39}},"13":{"start":{"line":37,"column":6},"end":{"line":37,"column":43}},"14":{"start":{"line":40,"column":19},"end":{"line":40,"column":35}},"15":{"start":{"line":41,"column":4},"end":{"line":52,"column":6}},"16":{"start":{"line":42,"column":6},"end":{"line":42,"column":21}},"17":{"start":{"line":43,"column":28},"end":{"line":43,"column":55}},"18":{"start":{"line":45,"column":6},"end":{"line":48,"column":7}},"19":{"start":{"line":46,"column":8},"end":{"line":46,"column":68}},"20":{"start":{"line":47,"column":8},"end":{"line":47,"column":72}},"21":{"start":{"line":50,"column":27},"end":{"line":50,"column":57}},"22":{"start":{"line":51,"column":6},"end":{"line":51,"column":31}},"23":{"start":{"line":53,"column":4},"end":{"line":53,"column":28}},"24":{"start":{"line":56,"column":21},"end":{"line":61,"column":3}},"25":{"start":{"line":57,"column":4},"end":{"line":57,"column":23}},"26":{"start":{"line":58,"column":4},"end":{"line":58,"column":38}},"27":{"start":{"line":59,"column":4},"end":{"line":59,"column":44}},"28":{"start":{"line":60,"column":4},"end":{"line":60,"column":23}},"29":{"start":{"line":63,"column":25},"end":{"line":66,"column":3}},"30":{"start":{"line":64,"column":4},"end":{"line":64,"column":23}},"31":{"start":{"line":65,"column":4},"end":{"line":65,"column":22}},"32":{"start":{"line":68,"column":26},"end":{"line":71,"column":3}},"33":{"start":{"line":69,"column":4},"end":{"line":69,"column":23}},"34":{"start":{"line":70,"column":4},"end":{"line":70,"column":23}},"35":{"start":{"line":73,"column":27},"end":{"line":76,"column":3}},"36":{"start":{"line":74,"column":17},"end":{"line":74,"column":37}},"37":{"start":{"line":75,"column":4},"end":{"line":75,"column":25}},"38":{"start":{"line":78,"column":23},"end":{"line":91,"column":3}},"39":{"start":{"line":79,"column":4},"end":{"line":82,"column":5}},"40":{"start":{"line":80,"column":6},"end":{"line":80,"column":42}},"41":{"start":{"line":81,"column":6},"end":{"line":81,"column":13}},"42":{"start":{"line":84,"column":4},"end":{"line":90,"column":5}},"43":{"start":{"line":85,"column":18},"end":{"line":85,"column":89}},"44":{"start":{"line":86,"column":6},"end":{"line":86,"column":67}},"45":{"start":{"line":88,"column":6},"end":{"line":88,"column":46}},"46":{"start":{"line":89,"column":6},"end":{"line":89,"column":25}},"47":{"start":{"line":93,"column":2},"end":{"line":136,"column":4}},"48":{"start":{"line":122,"column":14},"end":{"line":128,"column":16}}},"fnMap":{"0":{"name":"(anonymous_0)","decl":{"start":{"line":12,"column":23},"end":{"line":12,"column":24}},"loc":{"start":{"line":12,"column":29},"end":{"line":137,"column":1}},"line":12},"1":{"name":"(anonymous_1)","decl":{"start":{"line":16,"column":12},"end":{"line":16,"column":13}},"loc":{"start":{"line":16,"column":18},"end":{"line":20,"column":3}},"line":16},"2":{"name":"(anonymous_2)","decl":{"start":{"line":22,"column":26},"end":{"line":22,"column":27}},"loc":{"start":{"line":22,"column":53},"end":{"line":32,"column":3}},"line":22},"3":{"name":"(anonymous_3)","decl":{"start":{"line":23,"column":44},"end":{"line":23,"column":45}},"loc":{"start":{"line":23,"column":57},"end":{"line":29,"column":5}},"line":23},"4":{"name":"(anonymous_4)","decl":{"start":{"line":34,"column":25},"end":{"line":34,"column":26}},"loc":{"start":{"line":34,"column":44},"end":{"line":54,"column":3}},"line":34},"5":{"name":"(anonymous_5)","decl":{"start":{"line":41,"column":20},"end":{"line":41,"column":21}},"loc":{"start":{"line":41,"column":42},"end":{"line":52,"column":5}},"line":41},"6":{"name":"(anonymous_6)","decl":{"start":{"line":56,"column":21},"end":{"line":56,"column":22}},"loc":{"start":{"line":56,"column":61},"end":{"line":61,"column":3}},"line":56},"7":{"name":"(anonymous_7)","decl":{"start":{"line":63,"column":25},"end":{"line":63,"column":26}},"loc":{"start":{"line":63,"column":65},"end":{"line":66,"column":3}},"line":63},"8":{"name":"(anonymous_8)","decl":{"start":{"line":68,"column":26},"end":{"line":68,"column":27}},"loc":{"start":{"line":68,"column":66},"end":{"line":71,"column":3}},"line":68},"9":{"name":"(anonymous_9)","decl":{"start":{"line":73,"column":27},"end":{"line":73,"column":28}},"loc":{"start":{"line":73,"column":34},"end":{"line":76,"column":3}},"line":73},"10":{"name":"(anonymous_10)","decl":{"start":{"line":78,"column":23},"end":{"line":78,"column":24}},"loc":{"start":{"line":78,"column":73},"end":{"line":91,"column":3}},"line":78},"11":{"name":"(anonymous_11)","decl":{"start":{"line":121,"column":25},"end":{"line":121,"column":26}},"loc":{"start":{"line":121,"column":38},"end":{"line":129,"column":13}},"line":121}},"branchMap":{"0":{"loc":{"start":{"line":17,"column":4},"end":{"line":19,"column":5}},"type":"if","locations":[{"start":{"line":17,"column":4},"end":{"line":19,"column":5}},{"start":{},"end":{}}],"line":17},"1":{"loc":{"start":{"line":25,"column":8},"end":{"line":27,"column":46}},"type":"binary-expr","locations":[{"start":{"line":25,"column":8},"end":{"line":25,"column":35}},{"start":{"line":26,"column":8},"end":{"line":26,"column":38}},{"start":{"line":27,"column":8},"end":{"line":27,"column":46}}],"line":25},"2":{"loc":{"start":{"line":35,"column":4},"end":{"line":38,"column":5}},"type":"if","locations":[{"start":{"line":35,"column":4},"end":{"line":38,"column":5}},{"start":{},"end":{}}],"line":35},"3":{"loc":{"start":{"line":35,"column":8},"end":{"line":35,"column":49}},"type":"binary-expr","locations":[{"start":{"line":35,"column":8},"end":{"line":35,"column":13}},{"start":{"line":35,"column":17},"end":{"line":35,"column":49}}],"line":35},"4":{"loc":{"start":{"line":45,"column":6},"end":{"line":48,"column":7}},"type":"if","locations":[{"start":{"line":45,"column":6},"end":{"line":48,"column":7}},{"start":{},"end":{}}],"line":45},"5":{"loc":{"start":{"line":79,"column":4},"end":{"line":82,"column":5}},"type":"if","locations":[{"start":{"line":79,"column":4},"end":{"line":82,"column":5}},{"start":{},"end":{}}],"line":79},"6":{"loc":{"start":{"line":100,"column":32},"end":{"line":100,"column":54}},"type":"binary-expr","locations":[{"start":{"line":100,"column":32},"end":{"line":100,"column":40}},{"start":{"line":100,"column":44},"end":{"line":100,"column":54}}],"line":100},"7":{"loc":{"start":{"line":110,"column":7},"end":{"line":110,"column":133}},"type":"binary-expr","locations":[{"start":{"line":110,"column":7},"end":{"line":110,"column":26}},{"start":{"line":110,"column":30},"end":{"line":110,"column":133}}],"line":110},"8":{"loc":{"start":{"line":111,"column":7},"end":{"line":132,"column":7}},"type":"binary-expr","locations":[{"start":{"line":111,"column":7},"end":{"line":111,"column":25}},{"start":{"line":112,"column":8},"end":{"line":131,"column":16}}],"line":111}},"s":{"0":1,"1":44,"2":44,"3":44,"4":40,"5":14,"6":44,"7":14,"8":28,"9":14,"10":44,"11":17,"12":2,"13":2,"14":15,"15":15,"16":15,"17":15,"18":15,"19":1,"20":1,"21":14,"22":14,"23":15,"24":44,"25":3,"26":3,"27":3,"28":2,"29":44,"30":3,"31":3,"32":44,"33":1,"34":1,"35":44,"36":14,"37":14,"38":44,"39":3,"40":1,"41":1,"42":2,"43":2,"44":1,"45":1,"46":1,"47":44,"48":25},"f":{"0":44,"1":40,"2":14,"3":28,"4":17,"5":15,"6":3,"7":3,"8":1,"9":14,"10":3,"11":25},"b":{"0":[14,26],"1":[28,27,26],"2":[2,15],"3":[17,17],"4":[1,14],"5":[1,2],"6":[44,3],"7":[44,30],"8":[44,14]},"_coverageSchema":"1a1c01bbd47fc00a2c39e90264f33305004495a9","hash":"53df74d1471d9c7c2b4c70a79c66d6605c1fe56e"}
}
