TN:
SF:src/components/CouponUploader.tsx
FN:12,(anonymous_0)
FN:16,(anonymous_1)
FN:22,(anonymous_2)
FN:23,(anonymous_3)
FN:34,(anonymous_4)
FN:41,(anonymous_5)
FN:56,(anonymous_6)
FN:63,(anonymous_7)
FN:68,(anonymous_8)
FN:73,(anonymous_9)
FN:78,(anonymous_10)
FN:121,(anonymous_11)
FNF:12
FNH:12
FNDA:44,(anonymous_0)
FNDA:40,(anonymous_1)
FNDA:14,(anonymous_2)
FNDA:28,(anonymous_3)
FNDA:17,(anonymous_4)
FNDA:15,(anonymous_5)
FNDA:3,(anonymous_6)
FNDA:3,(anonymous_7)
FNDA:1,(anonymous_8)
FNDA:14,(anonymous_9)
FNDA:3,(anonymous_10)
FNDA:25,(anonymous_11)
DA:12,1
DA:13,44
DA:14,44
DA:16,44
DA:17,40
DA:18,14
DA:22,44
DA:23,14
DA:24,28
DA:31,14
DA:34,44
DA:35,17
DA:36,2
DA:37,2
DA:40,15
DA:41,15
DA:42,15
DA:43,15
DA:45,15
DA:46,1
DA:47,1
DA:50,14
DA:51,14
DA:53,15
DA:56,44
DA:57,3
DA:58,3
DA:59,3
DA:60,2
DA:63,44
DA:64,3
DA:65,3
DA:68,44
DA:69,1
DA:70,1
DA:73,44
DA:74,14
DA:75,14
DA:78,44
DA:79,3
DA:80,1
DA:81,1
DA:84,2
DA:85,2
DA:86,1
DA:88,1
DA:89,1
DA:93,44
DA:122,25
LF:49
LH:49
BRDA:17,0,0,14
BRDA:17,0,1,26
BRDA:25,1,0,28
BRDA:25,1,1,27
BRDA:25,1,2,26
BRDA:35,2,0,2
BRDA:35,2,1,15
BRDA:35,3,0,17
BRDA:35,3,1,17
BRDA:45,4,0,1
BRDA:45,4,1,14
BRDA:79,5,0,1
BRDA:79,5,1,2
BRDA:100,6,0,44
BRDA:100,6,1,3
BRDA:110,7,0,44
BRDA:110,7,1,30
BRDA:111,8,0,44
BRDA:111,8,1,14
BRF:19
BRH:19
end_of_record
